<?xml version="1.0" encoding="UTF-8"?>
<testng-results ignored="0" total="1" passed="1" failed="0" skipped="0">
  <reporter-output>
  </reporter-output>
  <suite started-at="2025-06-12T16:44:40 EDT" name="Default suite" finished-at="2025-06-12T16:45:03 EDT" duration-ms="23164">
    <groups>
    </groups>
    <test started-at="2025-06-12T16:44:40 EDT" name="Default test" finished-at="2025-06-12T16:45:03 EDT" duration-ms="23164">
      <class name="e2eTest">
        <test-method signature="endtoendtest()[pri:0, instance:e2eTest@55141def]" started-at="2025-06-12T16:44:40 EDT" name="endtoendtest" finished-at="2025-06-12T16:45:03 EDT" duration-ms="23128" status="PASS">
          <reporter-output>
          </reporter-output>
        </test-method> <!-- endtoendtest -->
      </class> <!-- e2eTest -->
    </test> <!-- Default test -->
  </suite> <!-- Default suite -->
</testng-results>
